[debug] [2022-08-05T12:38:41.986Z] ----------------------------------------------------------------------
[debug] [2022-08-05T12:38:41.987Z] Command:       C:\Program Files\nodejs\node.exe C:\Users\aakash-pt4604\AppData\Roaming\npm\node_modules\firebase-tools\lib\bin\firebase.js init
[debug] [2022-08-05T12:38:41.988Z] CLI Version:   11.4.2
[debug] [2022-08-05T12:38:41.988Z] Platform:      win32
[debug] [2022-08-05T12:38:41.988Z] Node Version:  v16.16.0
[debug] [2022-08-05T12:38:41.990Z] Time:          Fri Aug 05 2022 18:08:41 GMT+0530 (Horário Padrão da Índia)
[debug] [2022-08-05T12:38:41.990Z] ----------------------------------------------------------------------
[debug] 
[debug] [2022-08-05T12:38:42.000Z] > command requires scopes: ["email","openid","https://www.googleapis.com/auth/cloudplatformprojects.readonly","https://www.googleapis.com/auth/firebase","https://www.googleapis.com/auth/cloud-platform"]
[debug] [2022-08-05T12:38:42.000Z] > authorizing via signed-in user (spartanaakash860@gmail.com)
[info] 
     ######## #### ########  ######## ########     ###     ######  ########
     ##        ##  ##     ## ##       ##     ##  ##   ##  ##       ##
     ######    ##  ########  ######   ########  #########  ######  ######
     ##        ##  ##    ##  ##       ##     ## ##     ##       ## ##
     ##       #### ##     ## ######## ########  ##     ##  ######  ########

You're about to initialize a Firebase project in this directory:

  F:\Aakash\eduforum-minorproject

[info] 
=== Project Setup
[info] 
[info] First, let's associate this project directory with a Firebase project.
[info] You can create multiple project aliases by running firebase use --add, 
[info] but for now we'll just set up a default project.
[info] 
[debug] [2022-08-05T12:38:56.255Z] >>> [apiv2][query] GET https://firebase.googleapis.com/v1beta1/projects pageSize=100
[debug] [2022-08-05T12:38:56.934Z] <<< [apiv2][status] GET https://firebase.googleapis.com/v1beta1/projects 200
[debug] [2022-08-05T12:38:56.934Z] <<< [apiv2][body] GET https://firebase.googleapis.com/v1beta1/projects [omitted]
[debug] [2022-08-05T12:40:31.626Z] ----------------------------------------------------------------------
[debug] [2022-08-05T12:40:31.628Z] Command:       C:\Program Files\nodejs\node.exe C:\Users\aakash-pt4604\AppData\Roaming\npm\node_modules\firebase-tools\lib\bin\firebase.js init
[debug] [2022-08-05T12:40:31.628Z] CLI Version:   11.4.2
[debug] [2022-08-05T12:40:31.629Z] Platform:      win32
[debug] [2022-08-05T12:40:31.629Z] Node Version:  v16.16.0
[debug] [2022-08-05T12:40:31.631Z] Time:          Fri Aug 05 2022 18:10:31 GMT+0530 (Horário Padrão da Índia)
[debug] [2022-08-05T12:40:31.631Z] ----------------------------------------------------------------------
[debug] 
[debug] [2022-08-05T12:40:31.639Z] > command requires scopes: ["email","openid","https://www.googleapis.com/auth/cloudplatformprojects.readonly","https://www.googleapis.com/auth/firebase","https://www.googleapis.com/auth/cloud-platform"]
[debug] [2022-08-05T12:40:31.639Z] > authorizing via signed-in user (spartanaakash860@gmail.com)
[info] 
     ######## #### ########  ######## ########     ###     ######  ########
     ##        ##  ##     ## ##       ##     ##  ##   ##  ##       ##
     ######    ##  ########  ######   ########  #########  ######  ######
     ##        ##  ##    ##  ##       ##     ## ##     ##       ## ##
     ##       #### ##     ## ######## ########  ##     ##  ######  ########

You're about to initialize a Firebase project in this directory:

  F:\Aakash\eduforum-minorproject

[info] 
=== Project Setup
[info] 
[info] First, let's associate this project directory with a Firebase project.
[info] You can create multiple project aliases by running firebase use --add, 
[info] but for now we'll just set up a default project.
[info] 
